[2021-11-02 00:10:29 +0000] [1] [INFO] Starting gunicorn 20.1.0
[2021-11-02 00:10:29 +0000] [1] [INFO] Listening at: http://0.0.0.0:10001 (1)
[2021-11-02 00:10:29 +0000] [1] [INFO] Using worker: sync
[2021-11-02 00:10:29 +0000] [7] [INFO] Booting worker with pid: 7
[2021-11-02 00:10:29 +0000] [8] [INFO] Booting worker with pid: 8
[2021-11-02 00:10:29 +0000] [9] [INFO] Booting worker with pid: 9
[2021-11-02 00:10:29 +0000] [10] [INFO] Booting worker with pid: 10
[2021-11-02 00:16:26 +0000] [1] [INFO] Handling signal: term
[2021-11-02 00:16:26 +0000] [7] [INFO] Worker exiting (pid: 7)
[2021-11-02 00:16:26 +0000] [8] [INFO] Worker exiting (pid: 8)
[2021-11-02 00:16:26 +0000] [9] [INFO] Worker exiting (pid: 9)
[2021-11-02 00:16:27 +0000] [10] [INFO] Worker exiting (pid: 10)
[2021-11-02 00:16:27 +0000] [1] [INFO] Shutting down: Master
[2021-11-02 00:20:58 +0000] [1] [INFO] Starting gunicorn 20.1.0
[2021-11-02 00:20:58 +0000] [1] [INFO] Listening at: http://0.0.0.0:10001 (1)
[2021-11-02 00:20:58 +0000] [1] [INFO] Using worker: sync
[2021-11-02 00:20:58 +0000] [7] [INFO] Booting worker with pid: 7
[2021-11-02 00:30:22 +0000] [1] [INFO] Starting gunicorn 20.1.0
[2021-11-02 00:30:22 +0000] [1] [INFO] Listening at: http://0.0.0.0:10001 (1)
[2021-11-02 00:30:22 +0000] [1] [INFO] Using worker: sync
[2021-11-02 00:30:22 +0000] [7] [INFO] Booting worker with pid: 7
[2021-11-02 21:46:18 +0000] [1] [INFO] Starting gunicorn 20.1.0
[2021-11-02 21:46:18 +0000] [1] [INFO] Listening at: http://0.0.0.0:10001 (1)
[2021-11-02 21:46:18 +0000] [1] [INFO] Using worker: sync
[2021-11-02 21:46:18 +0000] [7] [INFO] Booting worker with pid: 7
[2021-11-02 23:05:54 +0000] [1] [INFO] Handling signal: term
[2021-11-02 23:05:54 +0000] [7] [INFO] Worker exiting (pid: 7)
[2021-11-02 23:05:54 +0000] [1] [INFO] Shutting down: Master
