[2021-11-02 01:16:53 +0100] [24461] [INFO] Starting gunicorn 20.1.0
[2021-11-02 01:16:53 +0100] [24461] [INFO] Listening at: http://0.0.0.0:10001 (24461)
[2021-11-02 01:16:53 +0100] [24461] [INFO] Using worker: sync
[2021-11-02 01:16:53 +0100] [24462] [INFO] Booting worker with pid: 24462
[2021-11-02 01:16:53 +0100] [24463] [INFO] Booting worker with pid: 24463
[2021-11-02 01:16:53 +0100] [24464] [INFO] Booting worker with pid: 24464
[2021-11-02 01:16:53 +0100] [24465] [INFO] Booting worker with pid: 24465
[2021-11-02 01:16:55 +0100] [24461] [INFO] Handling signal: int
[2021-11-02 01:16:55 +0100] [24463] [INFO] Worker exiting (pid: 24463)
[2021-11-02 01:16:55 +0100] [24464] [INFO] Worker exiting (pid: 24464)
[2021-11-02 01:16:55 +0100] [24462] [INFO] Worker exiting (pid: 24462)
[2021-11-02 01:16:55 +0100] [24461] [INFO] Shutting down: Master
[2021-11-02 01:17:03 +0100] [24474] [INFO] Starting gunicorn 20.1.0
[2021-11-02 01:17:03 +0100] [24474] [INFO] Listening at: http://0.0.0.0:10001 (24474)
[2021-11-02 01:17:03 +0100] [24474] [INFO] Using worker: sync
[2021-11-02 01:17:03 +0100] [24476] [INFO] Booting worker with pid: 24476
[2021-11-02 01:17:03 +0100] [24477] [INFO] Booting worker with pid: 24477
[2021-11-02 01:17:03 +0100] [24478] [INFO] Booting worker with pid: 24478
[2021-11-02 01:17:03 +0100] [24479] [INFO] Booting worker with pid: 24479
[2021-11-02 01:19:02 +0100] [24474] [INFO] Handling signal: int
[2021-11-02 01:19:03 +0100] [24476] [INFO] Worker exiting (pid: 24476)
[2021-11-02 01:19:03 +0100] [24477] [INFO] Worker exiting (pid: 24477)
[2021-11-02 01:19:03 +0100] [24478] [INFO] Worker exiting (pid: 24478)
[2021-11-02 01:19:03 +0100] [24479] [INFO] Worker exiting (pid: 24479)
[2021-11-02 01:19:03 +0100] [24474] [INFO] Shutting down: Master
[2021-11-03 00:31:35 +0100] [43705] [INFO] Starting gunicorn 20.1.0
[2021-11-03 00:31:35 +0100] [43705] [INFO] Listening at: http://0.0.0.0:10001 (43705)
[2021-11-03 00:31:35 +0100] [43705] [INFO] Using worker: sync
[2021-11-03 00:31:35 +0100] [43706] [INFO] Booting worker with pid: 43706
[2021-11-03 00:31:35 +0100] [43707] [INFO] Booting worker with pid: 43707
[2021-11-03 00:31:36 +0100] [43708] [INFO] Booting worker with pid: 43708
[2021-11-03 00:31:36 +0100] [43709] [INFO] Booting worker with pid: 43709
[2021-11-03 00:31:41 +0100] [43705] [INFO] Handling signal: int
[2021-11-03 00:31:42 +0100] [43707] [INFO] Worker exiting (pid: 43707)
[2021-11-03 00:31:42 +0100] [43708] [INFO] Worker exiting (pid: 43708)
[2021-11-03 00:31:42 +0100] [43706] [INFO] Worker exiting (pid: 43706)
[2021-11-03 00:31:42 +0100] [43709] [INFO] Worker exiting (pid: 43709)
[2021-11-03 00:31:42 +0100] [43705] [INFO] Shutting down: Master
